Using pre-set license
Built from '2021.3/staging' branch; Version is '2021.3.23f1 (213b516bf396) revision 2177873'; Using compiler version '192829333'; Build Type 'Release'
OS: 'Windows 11  (10.0.22621) 64bit Core' Language: 'en' Physical Memory: 16106 MB
BatchMode: 1, IsHumanControllingUs: 0, StartBugReporterOnCrash: 0, Is64bit: 1, IsPro: 1

COMMAND LINE ARGUMENTS:
C:\Program Files\Unity\Hub\Editor\2021.3.23f1\Editor\Unity.exe
-adb2
-batchMode
-noUpm
-name
AssetImportWorker0
-projectPath
C:/Users/dasun/test/Unity Project
-logFile
Logs/AssetImportWorker0.log
-srvPort
55545
Successfully changed project path to: C:/Users/dasun/test/Unity Project
C:/Users/dasun/test/Unity Project
[UnityMemory] Configuration Parameters - Can be set up in boot.config
    "memorysetup-bucket-allocator-granularity=16"
    "memorysetup-bucket-allocator-bucket-count=8"
    "memorysetup-bucket-allocator-block-size=33554432"
    "memorysetup-bucket-allocator-block-count=8"
    "memorysetup-main-allocator-block-size=16777216"
    "memorysetup-thread-allocator-block-size=16777216"
    "memorysetup-gfx-main-allocator-block-size=16777216"
    "memorysetup-gfx-thread-allocator-block-size=16777216"
    "memorysetup-cache-allocator-block-size=4194304"
    "memorysetup-typetree-allocator-block-size=2097152"
    "memorysetup-profiler-bucket-allocator-granularity=16"
    "memorysetup-profiler-bucket-allocator-bucket-count=8"
    "memorysetup-profiler-bucket-allocator-block-size=33554432"
    "memorysetup-profiler-bucket-allocator-block-count=8"
    "memorysetup-profiler-allocator-block-size=16777216"
    "memorysetup-profiler-editor-allocator-block-size=1048576"
    "memorysetup-temp-allocator-size-main=16777216"
    "memorysetup-job-temp-allocator-block-size=2097152"
    "memorysetup-job-temp-allocator-block-size-background=1048576"
    "memorysetup-job-temp-allocator-reduction-small-platforms=262144"
    "memorysetup-temp-allocator-size-background-worker=32768"
    "memorysetup-temp-allocator-size-job-worker=262144"
    "memorysetup-temp-allocator-size-preload-manager=33554432"
    "memorysetup-temp-allocator-size-nav-mesh-worker=65536"
    "memorysetup-temp-allocator-size-audio-worker=65536"
    "memorysetup-temp-allocator-size-cloud-worker=32768"
    "memorysetup-temp-allocator-size-gi-baking-worker=262144"
    "memorysetup-temp-allocator-size-gfx=262144"
Player connection [19632] Host "[IP] 10.0.0.109 [Port] 0 [Flags] 2 [Guid] 3154831484 [EditorId] 3154831484 [Version] 1048832 [Id] WindowsEditor(7,DESKTOP-V593D85) [Debug] 1 [PackageName] WindowsEditor [ProjectName] Editor" joined multi-casting on [225.0.0.222:54997]...

Player connection [19632] Host "[IP] 10.0.0.109 [Port] 0 [Flags] 2 [Guid] 3154831484 [EditorId] 3154831484 [Version] 1048832 [Id] WindowsEditor(7,DESKTOP-V593D85) [Debug] 1 [PackageName] WindowsEditor [ProjectName] Editor" joined alternative multi-casting on [225.0.0.222:34997]...

Refreshing native plugins compatible for Editor in 208.06 ms, found 8 plugins.
Preloading 1 native plugins for Editor in 6.30 ms.
Initialize engine version: 2021.3.23f1 (213b516bf396)
[Subsystems] Discovering subsystems at path C:/Program Files/Unity/Hub/Editor/2021.3.23f1/Editor/Data/Resources/UnitySubsystems
[Subsystems] Discovering subsystems at path C:/Users/dasun/test/Unity Project/Assets
GfxDevice: creating device client; threaded=0; jobified=0
Direct3D:
    Version:  Direct3D 11.0 [level 11.1]
    Renderer: Intel(R) Iris(R) Xe Graphics (ID=0x9a49)
    Vendor:   Intel
    VRAM:     8053 MB
    Driver:   30.0.101.1692
Initialize mono
Mono path[0] = 'C:/Program Files/Unity/Hub/Editor/2021.3.23f1/Editor/Data/Managed'
Mono path[1] = 'C:/Program Files/Unity/Hub/Editor/2021.3.23f1/Editor/Data/MonoBleedingEdge/lib/mono/unityjit-win32'
Mono config path = 'C:/Program Files/Unity/Hub/Editor/2021.3.23f1/Editor/Data/MonoBleedingEdge/etc'
Using monoOptions --debugger-agent=transport=dt_socket,embedding=1,server=y,suspend=n,address=127.0.0.1:56740
Begin MonoManager ReloadAssembly
Registering precompiled unity dll's ...
Register platform support module: C:/Program Files/Unity/Hub/Editor/2021.3.23f1/Editor/Data/PlaybackEngines/WebGLSupport/UnityEditor.WebGL.Extensions.dll
Register platform support module: C:/Program Files/Unity/Hub/Editor/2021.3.23f1/Editor/Data/PlaybackEngines/AndroidPlayer/UnityEditor.Android.Extensions.dll
Register platform support module: C:/Program Files/Unity/Hub/Editor/2021.3.23f1/Editor/Data/PlaybackEngines/WindowsStandaloneSupport/UnityEditor.WindowsStandalone.Extensions.dll
Registered in 0.004469 seconds.
Native extension for WindowsStandalone target not found
Native extension for Android target not found
Android Extension - Scanning For ADB Devices 312 ms
Native extension for WebGL target not found
Refreshing native plugins compatible for Editor in 96.60 ms, found 8 plugins.
Preloading 1 native plugins for Editor in 0.08 ms.
Mono: successfully reloaded assembly
- Completed reload, in  1.071 seconds
Domain Reload Profiling:
	ReloadAssembly (1072ms)
		BeginReloadAssembly (85ms)
			ExecutionOrderSort (0ms)
			DisableScriptedObjects (0ms)
			BackupInstance (0ms)
			ReleaseScriptingObjects (0ms)
			CreateAndSetChildDomain (1ms)
		EndReloadAssembly (876ms)
			LoadAssemblies (84ms)
			RebuildTransferFunctionScriptingTraits (0ms)
			SetupTypeCache (129ms)
			ReleaseScriptCaches (0ms)
			RebuildScriptCaches (33ms)
			SetupLoadedEditorAssemblies (655ms)
				LogAssemblyErrors (0ms)
				InitializePlatformSupportModulesInManaged (399ms)
				SetLoadedEditorAssemblies (0ms)
				RefreshPlugins (97ms)
				BeforeProcessingInitializeOnLoad (2ms)
				ProcessInitializeOnLoadAttributes (101ms)
				ProcessInitializeOnLoadMethodAttributes (56ms)
				AfterProcessingInitializeOnLoad (0ms)
				EditorAssembliesLoaded (0ms)
			ExecutionOrderSort2 (0ms)
			AwakeInstancesAfterBackupRestoration (0ms)
Platform modules already initialized, skipping
Registering precompiled user dll's ...
Registered in 0.014955 seconds.
Begin MonoManager ReloadAssembly
Symbol file LoadedFromMemory doesn't match image C:\Users\dasun\test\Unity Project\Library\PackageCache\com.unity.visualscripting@1.8.0\Editor\VisualScripting.Core\Dependencies\DotNetZip\Unity.VisualScripting.IonicZip.dll
Symbol file LoadedFromMemory doesn't match image C:\Users\dasun\test\Unity Project\Library\PackageCache\com.unity.visualscripting@1.8.0\Editor\VisualScripting.Core\Dependencies\YamlDotNet\Unity.VisualScripting.YamlDotNet.dll
Native extension for WindowsStandalone target not found
Native extension for Android target not found
Native extension for WebGL target not found
Refreshing native plugins compatible for Editor in 1.49 ms, found 8 plugins.
Preloading 1 native plugins for Editor in 0.07 ms.
Mono: successfully reloaded assembly
- Completed reload, in  1.210 seconds
Domain Reload Profiling:
	ReloadAssembly (1211ms)
		BeginReloadAssembly (127ms)
			ExecutionOrderSort (0ms)
			DisableScriptedObjects (5ms)
			BackupInstance (0ms)
			ReleaseScriptingObjects (1ms)
			CreateAndSetChildDomain (22ms)
		EndReloadAssembly (967ms)
			LoadAssemblies (101ms)
			RebuildTransferFunctionScriptingTraits (0ms)
			SetupTypeCache (330ms)
			ReleaseScriptCaches (1ms)
			RebuildScriptCaches (63ms)
			SetupLoadedEditorAssemblies (404ms)
				LogAssemblyErrors (0ms)
				InitializePlatformSupportModulesInManaged (29ms)
				SetLoadedEditorAssemblies (0ms)
				RefreshPlugins (2ms)
				BeforeProcessingInitializeOnLoad (89ms)
				ProcessInitializeOnLoadAttributes (260ms)
				ProcessInitializeOnLoadMethodAttributes (19ms)
				AfterProcessingInitializeOnLoad (5ms)
				EditorAssembliesLoaded (0ms)
			ExecutionOrderSort2 (0ms)
			AwakeInstancesAfterBackupRestoration (9ms)
Platform modules already initialized, skipping
========================================================================
Worker process is ready to serve import requests
Launched and connected shader compiler UnityShaderCompiler.exe after 0.05 seconds
Refreshing native plugins compatible for Editor in 1.29 ms, found 8 plugins.
Preloading 1 native plugins for Editor in 0.04 ms.
Unloading 3901 Unused Serialized files (Serialized files now loaded: 0)
Unloading 184 unused Assets / (120.7 KB). Loaded Objects now: 4204.
Memory consumption went from 140.7 MB to 140.6 MB.
Total: 3.168000 ms (FindLiveObjects: 0.360400 ms CreateObjectMapping: 0.229600 ms MarkObjects: 2.411800 ms  DeleteObjects: 0.164700 ms)

AssetImportParameters requested are different than current active one (requested -> active):
  graphicsApiMask: 2048 -> 2099200
  custom:video-decoder-ogg-theora: a1e56fd34408186e4bbccfd4996cb3dc -> 
  custom:container-muxer-webm: aa71ff27fc2769a1b78a27578f13a17b -> 
  custom:container-demuxer-webm: 4f35f7cbe854078d1ac9338744f61a02 -> 
  custom:video-encoder-webm-vp8: eb34c28f22e8b96e1ab97ce403110664 -> 
  custom:video-codec-MediaFoundation-h265: 746d11721c4dcdbdad8f713fa42b33f4 -> 
  custom:audio-encoder-webm-vorbis: bf7c407c2cedff20999df2af8eb42d56 -> 
  custom:framework-win-MediaFoundation: 216162199b28c13a410421893ffa2e32 -> 
  custom:container-demuxer-ogg: 62fdf1f143b41e24485cea50d1cbac27 -> 
  custom:video-decoder-webm-vp8: 9c59270c3fd7afecdb556c50c9e8de78 -> 
  custom:audio-decoder-ogg-vorbis: bf7c407c2cedff20999df2af8eb42d56 -> 
========================================================================
Received Import Request.
  Time since last request: 28268.135545 seconds.
  path: Assets/NRSDK/NRKernalSessionConfig.asset
  artifactKey: Guid(27d90d2c2ddcd074ca3e384fea9d08ca) Importer(815301076,1909f56bfc062723c751e8b465ee728b)
Start importing Assets/NRSDK/NRKernalSessionConfig.asset using Guid(27d90d2c2ddcd074ca3e384fea9d08ca) Importer(815301076,1909f56bfc062723c751e8b465ee728b)  -> (artifact id: '5646b724862d42d411083c1fa91ddbae') in 0.087751 seconds 
========================================================================
Received Import Request.
  Time since last request: 15.717785 seconds.
  path: Assets/NRSDK/Demos/TrackingImage/Images/nreal_city.jpg
  artifactKey: Guid(dd3f33d7cc002da4fbd1cf892fe05589) Importer(815301076,1909f56bfc062723c751e8b465ee728b)
Start importing Assets/NRSDK/Demos/TrackingImage/Images/nreal_city.jpg using Guid(dd3f33d7cc002da4fbd1cf892fe05589) Importer(815301076,1909f56bfc062723c751e8b465ee728b)  -> (artifact id: '4cc4dfd2fe9ccb6d29b352243f1f1e80') in 0.092659 seconds 
========================================================================
Received Import Request.
  Time since last request: 0.000026 seconds.
  path: Assets/NRSDK/Demos/TrackingImage/Images/nreal_trib.jpg
  artifactKey: Guid(65c33c6567cb8af48ad84bc71880f991) Importer(815301076,1909f56bfc062723c751e8b465ee728b)
Start importing Assets/NRSDK/Demos/TrackingImage/Images/nreal_trib.jpg using Guid(65c33c6567cb8af48ad84bc71880f991) Importer(815301076,1909f56bfc062723c751e8b465ee728b)  -> (artifact id: 'aa1a28969739fec03af59601d6669d92') in 0.027633 seconds 
========================================================================
Received Import Request.
  Time since last request: 1.296367 seconds.
  path: Assets/NRSDK/Resources/NRGlassesErrorTip.prefab
  artifactKey: Guid(f3bd61487bccfc34abfc952ea78923be) Importer(815301076,1909f56bfc062723c751e8b465ee728b)
Start importing Assets/NRSDK/Resources/NRGlassesErrorTip.prefab using Guid(f3bd61487bccfc34abfc952ea78923be) Importer(815301076,1909f56bfc062723c751e8b465ee728b)  -> (artifact id: 'b43a1630056c969263274e0b0deb2f76') in 0.026566 seconds 
========================================================================
Received Import Request.
  Time since last request: 0.000028 seconds.
  path: Assets/NRSDK/Resources/NRTrackingModeChangedTip.prefab
  artifactKey: Guid(03ffa16cba025c844b778902a3170680) Importer(815301076,1909f56bfc062723c751e8b465ee728b)
Start importing Assets/NRSDK/Resources/NRTrackingModeChangedTip.prefab using Guid(03ffa16cba025c844b778902a3170680) Importer(815301076,1909f56bfc062723c751e8b465ee728b)  -> (artifact id: 'a7bd513ca63fea584c0852ec61e733b9') in 0.014583 seconds 
========================================================================
Received Import Request.
  Time since last request: 19.826988 seconds.
  path: Assets/NRSDK/NRKernalSessionConfig.asset
  artifactKey: Guid(27d90d2c2ddcd074ca3e384fea9d08ca) Importer(815301076,1909f56bfc062723c751e8b465ee728b)
Start importing Assets/NRSDK/NRKernalSessionConfig.asset using Guid(27d90d2c2ddcd074ca3e384fea9d08ca) Importer(815301076,1909f56bfc062723c751e8b465ee728b)  -> (artifact id: '914b7cb08fa48297414684bc27e14058') in 0.027162 seconds 
========================================================================
Received Import Request.
  Time since last request: 4.007908 seconds.
  path: Assets/NRSDK/Demos
  artifactKey: Guid(d12ebd09d70269741a02e5b8d3c1f214) Importer(815301076,1909f56bfc062723c751e8b465ee728b)
Start importing Assets/NRSDK/Demos using Guid(d12ebd09d70269741a02e5b8d3c1f214) Importer(815301076,1909f56bfc062723c751e8b465ee728b)  -> (artifact id: 'f0418639f4a018cf6fe6155397baa426') in 0.008766 seconds 
========================================================================
Received Import Request.
  Time since last request: 1.265353 seconds.
  path: Assets/NRSDK/Demos/HelloMR
  artifactKey: Guid(4e438994d07425b48992b5214fc89646) Importer(815301076,1909f56bfc062723c751e8b465ee728b)
Start importing Assets/NRSDK/Demos/HelloMR using Guid(4e438994d07425b48992b5214fc89646) Importer(815301076,1909f56bfc062723c751e8b465ee728b)  -> (artifact id: '0ca2f7890e42290fde913c584ee8047a') in 0.009738 seconds 
========================================================================
Received Import Request.
  Time since last request: 38.970812 seconds.
  path: Assets/NRSDK/Demos/HelloMR/Logo
  artifactKey: Guid(5626a297dfb94bc46a129dd60c90a724) Importer(815301076,1909f56bfc062723c751e8b465ee728b)
Start importing Assets/NRSDK/Demos/HelloMR/Logo using Guid(5626a297dfb94bc46a129dd60c90a724) Importer(815301076,1909f56bfc062723c751e8b465ee728b)  -> (artifact id: '9714e4a86e7371d4c7e4a90bc225fafb') in 0.008524 seconds 
========================================================================
Received Import Request.
  Time since last request: 3.852002 seconds.
  path: Assets/NRSDK/Demos/HelloMR/Logo/Models
  artifactKey: Guid(ca7d42b7f68011249ba817b20a16b3ae) Importer(815301076,1909f56bfc062723c751e8b465ee728b)
Start importing Assets/NRSDK/Demos/HelloMR/Logo/Models using Guid(ca7d42b7f68011249ba817b20a16b3ae) Importer(815301076,1909f56bfc062723c751e8b465ee728b)  -> (artifact id: '3fcab03d585861cfa441c03a2c7cea7d') in 0.010863 seconds 
========================================================================
Received Import Request.
  Time since last request: 0.050883 seconds.
  path: Assets/NRSDK/Demos/HelloMR/Logo/Models/logo_nreal.obj
  artifactKey: Guid(43af74e48f55e4c408e1893e45cd8303) Importer(815301076,1909f56bfc062723c751e8b465ee728b)
Start importing Assets/NRSDK/Demos/HelloMR/Logo/Models/logo_nreal.obj using Guid(43af74e48f55e4c408e1893e45cd8303) Importer(815301076,1909f56bfc062723c751e8b465ee728b)  -> (artifact id: 'a27a6d7463c356e2db76b5a48ed51859') in 0.298284 seconds 
========================================================================
Received Import Request.
  Time since last request: 0.000022 seconds.
  path: Assets/NRSDK/Demos/HelloMR/Logo/Models/NRLogo.prefab
  artifactKey: Guid(b76c07b35799f964b88ea24bca4cbb08) Importer(815301076,1909f56bfc062723c751e8b465ee728b)
Start importing Assets/NRSDK/Demos/HelloMR/Logo/Models/NRLogo.prefab using Guid(b76c07b35799f964b88ea24bca4cbb08) Importer(815301076,1909f56bfc062723c751e8b465ee728b)  -> (artifact id: 'a0b1389a12171bb273c150b95c747983') in 0.152972 seconds 
========================================================================
Received Prepare
Registering precompiled user dll's ...
Registered in 0.015341 seconds.
Begin MonoManager ReloadAssembly
Symbol file LoadedFromMemory doesn't match image C:\Users\dasun\test\Unity Project\Library\PackageCache\com.unity.visualscripting@1.8.0\Editor\VisualScripting.Core\Dependencies\DotNetZip\Unity.VisualScripting.IonicZip.dll
Symbol file LoadedFromMemory doesn't match image C:\Users\dasun\test\Unity Project\Library\PackageCache\com.unity.visualscripting@1.8.0\Editor\VisualScripting.Core\Dependencies\YamlDotNet\Unity.VisualScripting.YamlDotNet.dll
Native extension for WindowsStandalone target not found
Native extension for Android target not found
Native extension for WebGL target not found
Refreshing native plugins compatible for Editor in 2.42 ms, found 8 plugins.
Preloading 1 native plugins for Editor in 0.18 ms.
Mono: successfully reloaded assembly
- Completed reload, in  1.937 seconds
Domain Reload Profiling:
	ReloadAssembly (1937ms)
		BeginReloadAssembly (168ms)
			ExecutionOrderSort (0ms)
			DisableScriptedObjects (4ms)
			BackupInstance (0ms)
			ReleaseScriptingObjects (0ms)
			CreateAndSetChildDomain (41ms)
		EndReloadAssembly (1605ms)
			LoadAssemblies (124ms)
			RebuildTransferFunctionScriptingTraits (0ms)
			SetupTypeCache (568ms)
			ReleaseScriptCaches (2ms)
			RebuildScriptCaches (102ms)
			SetupLoadedEditorAssemblies (642ms)
				LogAssemblyErrors (0ms)
				InitializePlatformSupportModulesInManaged (47ms)
				SetLoadedEditorAssemblies (1ms)
				RefreshPlugins (3ms)
				BeforeProcessingInitializeOnLoad (114ms)
				ProcessInitializeOnLoadAttributes (432ms)
				ProcessInitializeOnLoadMethodAttributes (36ms)
				AfterProcessingInitializeOnLoad (9ms)
				EditorAssembliesLoaded (0ms)
			ExecutionOrderSort2 (0ms)
			AwakeInstancesAfterBackupRestoration (14ms)
Platform modules already initialized, skipping
Refreshing native plugins compatible for Editor in 40.85 ms, found 8 plugins.
Preloading 1 native plugins for Editor in 0.24 ms.
Unloading 3879 Unused Serialized files (Serialized files now loaded: 0)
Unloading 177 unused Assets / (87.1 KB). Loaded Objects now: 4255.
Memory consumption went from 143.4 MB to 143.3 MB.
Total: 4.070600 ms (FindLiveObjects: 0.295700 ms CreateObjectMapping: 0.127400 ms MarkObjects: 3.486900 ms  DeleteObjects: 0.158500 ms)

AssetImportParameters requested are different than current active one (requested -> active):
  custom:video-decoder-ogg-theora: a1e56fd34408186e4bbccfd4996cb3dc -> 
  custom:container-muxer-webm: aa71ff27fc2769a1b78a27578f13a17b -> 
  custom:container-demuxer-webm: 4f35f7cbe854078d1ac9338744f61a02 -> 
  custom:video-encoder-webm-vp8: eb34c28f22e8b96e1ab97ce403110664 -> 
  custom:video-codec-MediaFoundation-h265: 746d11721c4dcdbdad8f713fa42b33f4 -> 
  custom:audio-encoder-webm-vorbis: bf7c407c2cedff20999df2af8eb42d56 -> 
  custom:framework-win-MediaFoundation: 216162199b28c13a410421893ffa2e32 -> 
  custom:container-demuxer-ogg: 62fdf1f143b41e24485cea50d1cbac27 -> 
  custom:video-decoder-webm-vp8: 9c59270c3fd7afecdb556c50c9e8de78 -> 
  custom:audio-decoder-ogg-vorbis: bf7c407c2cedff20999df2af8eb42d56 -> 
========================================================================
Received Prepare
Registering precompiled user dll's ...
Registered in 0.018151 seconds.
Begin MonoManager ReloadAssembly
Symbol file LoadedFromMemory doesn't match image C:\Users\dasun\test\Unity Project\Library\PackageCache\com.unity.visualscripting@1.8.0\Editor\VisualScripting.Core\Dependencies\DotNetZip\Unity.VisualScripting.IonicZip.dll
Symbol file LoadedFromMemory doesn't match image C:\Users\dasun\test\Unity Project\Library\PackageCache\com.unity.visualscripting@1.8.0\Editor\VisualScripting.Core\Dependencies\YamlDotNet\Unity.VisualScripting.YamlDotNet.dll
Native extension for WindowsStandalone target not found
Native extension for Android target not found
Native extension for WebGL target not found
Refreshing native plugins compatible for Editor in 2.53 ms, found 8 plugins.
Preloading 1 native plugins for Editor in 0.14 ms.
Mono: successfully reloaded assembly
- Completed reload, in  2.031 seconds
Domain Reload Profiling:
	ReloadAssembly (2033ms)
		BeginReloadAssembly (158ms)
			ExecutionOrderSort (0ms)
			DisableScriptedObjects (5ms)
			BackupInstance (0ms)
			ReleaseScriptingObjects (0ms)
			CreateAndSetChildDomain (40ms)
		EndReloadAssembly (1749ms)
			LoadAssemblies (111ms)
			RebuildTransferFunctionScriptingTraits (0ms)
			SetupTypeCache (557ms)
			ReleaseScriptCaches (3ms)
			RebuildScriptCaches (158ms)
			SetupLoadedEditorAssemblies (599ms)
				LogAssemblyErrors (0ms)
				InitializePlatformSupportModulesInManaged (42ms)
				SetLoadedEditorAssemblies (1ms)
				RefreshPlugins (3ms)
				BeforeProcessingInitializeOnLoad (116ms)
				ProcessInitializeOnLoadAttributes (385ms)
				ProcessInitializeOnLoadMethodAttributes (39ms)
				AfterProcessingInitializeOnLoad (12ms)
				EditorAssembliesLoaded (0ms)
			ExecutionOrderSort2 (0ms)
			AwakeInstancesAfterBackupRestoration (16ms)
Platform modules already initialized, skipping
Refreshing native plugins compatible for Editor in 41.35 ms, found 8 plugins.
Preloading 1 native plugins for Editor in 0.13 ms.
Unloading 3879 Unused Serialized files (Serialized files now loaded: 0)
Unloading 177 unused Assets / (87.2 KB). Loaded Objects now: 4258.
Memory consumption went from 143.4 MB to 143.3 MB.
Total: 3.793600 ms (FindLiveObjects: 0.422600 ms CreateObjectMapping: 0.284500 ms MarkObjects: 2.936900 ms  DeleteObjects: 0.147900 ms)

AssetImportParameters requested are different than current active one (requested -> active):
  custom:video-decoder-ogg-theora: a1e56fd34408186e4bbccfd4996cb3dc -> 
  custom:container-muxer-webm: aa71ff27fc2769a1b78a27578f13a17b -> 
  custom:container-demuxer-webm: 4f35f7cbe854078d1ac9338744f61a02 -> 
  custom:video-encoder-webm-vp8: eb34c28f22e8b96e1ab97ce403110664 -> 
  custom:video-codec-MediaFoundation-h265: 746d11721c4dcdbdad8f713fa42b33f4 -> 
  custom:audio-encoder-webm-vorbis: bf7c407c2cedff20999df2af8eb42d56 -> 
  custom:framework-win-MediaFoundation: 216162199b28c13a410421893ffa2e32 -> 
  custom:container-demuxer-ogg: 62fdf1f143b41e24485cea50d1cbac27 -> 
  custom:video-decoder-webm-vp8: 9c59270c3fd7afecdb556c50c9e8de78 -> 
  custom:audio-decoder-ogg-vorbis: bf7c407c2cedff20999df2af8eb42d56 -> 
========================================================================
Received Import Request.
  Time since last request: 89.633517 seconds.
  path: Assets/OpenCVForUnity/EnoxSoftware.OpenCVForUnity.asmdef
  artifactKey: Guid(cef0e9dabbfe59a4790acbf31c21f33e) Importer(815301076,1909f56bfc062723c751e8b465ee728b)
Start importing Assets/OpenCVForUnity/EnoxSoftware.OpenCVForUnity.asmdef using Guid(cef0e9dabbfe59a4790acbf31c21f33e) Importer(815301076,1909f56bfc062723c751e8b465ee728b)  -> (artifact id: 'dd834c3e8ceb4f04a40e97cf3c65030b') in 0.017742 seconds 
========================================================================
Received Import Request.
  Time since last request: 6.106809 seconds.
  path: Assets/OpenCVForUnity/Plugins/iOS
  artifactKey: Guid(ca35498ce0dca5143a1928e64ecaf77e) Importer(815301076,1909f56bfc062723c751e8b465ee728b)
Start importing Assets/OpenCVForUnity/Plugins/iOS using Guid(ca35498ce0dca5143a1928e64ecaf77e) Importer(815301076,1909f56bfc062723c751e8b465ee728b)  -> (artifact id: 'afb387a00a3b11b235799144da112707') in 0.007332 seconds 
========================================================================
Received Prepare
Registering precompiled user dll's ...
Registered in 0.019806 seconds.
Begin MonoManager ReloadAssembly
Symbol file LoadedFromMemory doesn't match image C:\Users\dasun\test\Unity Project\Library\PackageCache\com.unity.visualscripting@1.8.0\Editor\VisualScripting.Core\Dependencies\DotNetZip\Unity.VisualScripting.IonicZip.dll
Symbol file LoadedFromMemory doesn't match image C:\Users\dasun\test\Unity Project\Library\PackageCache\com.unity.visualscripting@1.8.0\Editor\VisualScripting.Core\Dependencies\YamlDotNet\Unity.VisualScripting.YamlDotNet.dll
Native extension for WindowsStandalone target not found
Native extension for Android target not found
Native extension for WebGL target not found
Refreshing native plugins compatible for Editor in 11.94 ms, found 8 plugins.
Preloading 1 native plugins for Editor in 0.30 ms.
Mono: successfully reloaded assembly
- Completed reload, in  3.947 seconds
Domain Reload Profiling:
	ReloadAssembly (3949ms)
		BeginReloadAssembly (253ms)
			ExecutionOrderSort (0ms)
			DisableScriptedObjects (5ms)
			BackupInstance (0ms)
			ReleaseScriptingObjects (0ms)
			CreateAndSetChildDomain (48ms)
		EndReloadAssembly (3198ms)
			LoadAssemblies (219ms)
			RebuildTransferFunctionScriptingTraits (0ms)
			SetupTypeCache (852ms)
			ReleaseScriptCaches (4ms)
			RebuildScriptCaches (321ms)
			SetupLoadedEditorAssemblies (1442ms)
				LogAssemblyErrors (0ms)
				InitializePlatformSupportModulesInManaged (75ms)
				SetLoadedEditorAssemblies (1ms)
				RefreshPlugins (12ms)
				BeforeProcessingInitializeOnLoad (263ms)
				ProcessInitializeOnLoadAttributes (995ms)
				ProcessInitializeOnLoadMethodAttributes (76ms)
				AfterProcessingInitializeOnLoad (19ms)
				EditorAssembliesLoaded (1ms)
			ExecutionOrderSort2 (0ms)
			AwakeInstancesAfterBackupRestoration (39ms)
Platform modules already initialized, skipping
Refreshing native plugins compatible for Editor in 45.17 ms, found 8 plugins.
Preloading 1 native plugins for Editor in 0.06 ms.
Unloading 3876 Unused Serialized files (Serialized files now loaded: 0)
Unloading 174 unused Assets / (87.0 KB). Loaded Objects now: 4261.
Memory consumption went from 143.3 MB to 143.2 MB.
Total: 7.988400 ms (FindLiveObjects: 0.434900 ms CreateObjectMapping: 0.728900 ms MarkObjects: 6.395500 ms  DeleteObjects: 0.426900 ms)

AssetImportParameters requested are different than current active one (requested -> active):
  custom:video-decoder-ogg-theora: a1e56fd34408186e4bbccfd4996cb3dc -> 
  custom:container-muxer-webm: aa71ff27fc2769a1b78a27578f13a17b -> 
  custom:container-demuxer-webm: 4f35f7cbe854078d1ac9338744f61a02 -> 
  custom:video-encoder-webm-vp8: eb34c28f22e8b96e1ab97ce403110664 -> 
  custom:video-codec-MediaFoundation-h265: 746d11721c4dcdbdad8f713fa42b33f4 -> 
  custom:audio-encoder-webm-vorbis: bf7c407c2cedff20999df2af8eb42d56 -> 
  custom:framework-win-MediaFoundation: 216162199b28c13a410421893ffa2e32 -> 
  custom:container-demuxer-ogg: 62fdf1f143b41e24485cea50d1cbac27 -> 
  custom:video-decoder-webm-vp8: 9c59270c3fd7afecdb556c50c9e8de78 -> 
  custom:audio-decoder-ogg-vorbis: bf7c407c2cedff20999df2af8eb42d56 -> 
========================================================================
Received Import Request.
  Time since last request: 39.426582 seconds.
  path: Assets/OpenCVForUnity/ReadMe.pdf
  artifactKey: Guid(4c21b039bd8bde54b9f761c5fd15d24f) Importer(815301076,1909f56bfc062723c751e8b465ee728b)
Start importing Assets/OpenCVForUnity/ReadMe.pdf using Guid(4c21b039bd8bde54b9f761c5fd15d24f) Importer(815301076,1909f56bfc062723c751e8b465ee728b)  -> (artifact id: '562591bc4c040c41a305f3d1aaa7b901') in 0.027846 seconds 
========================================================================
Received Import Request.
  Time since last request: 43.728450 seconds.
  path: Assets/OpenCVForUnity/Extra.unitypackage
  artifactKey: Guid(72d17092126c359498cb505cdb93f65c) Importer(815301076,1909f56bfc062723c751e8b465ee728b)
Start importing Assets/OpenCVForUnity/Extra.unitypackage using Guid(72d17092126c359498cb505cdb93f65c) Importer(815301076,1909f56bfc062723c751e8b465ee728b)  -> (artifact id: '564f0b634ae10aa3cd2dc7f619317631') in 0.015142 seconds 
========================================================================
Received Import Request.
  Time since last request: 42.539153 seconds.
  path: Assets/OpenCVForUnity/Plugins
  artifactKey: Guid(598fa57912957f642afbddf09c33498f) Importer(815301076,1909f56bfc062723c751e8b465ee728b)
Start importing Assets/OpenCVForUnity/Plugins using Guid(598fa57912957f642afbddf09c33498f) Importer(815301076,1909f56bfc062723c751e8b465ee728b)  -> (artifact id: '519e17bd904e103b69d2f2fe143adb95') in 0.011249 seconds 
========================================================================
Received Import Request.
  Time since last request: 1.531847 seconds.
  path: Assets/OpenCVForUnity/Plugins/WebGL
  artifactKey: Guid(016f6d34140bc9442bf326a8f2cc8ce9) Importer(815301076,1909f56bfc062723c751e8b465ee728b)
Start importing Assets/OpenCVForUnity/Plugins/WebGL using Guid(016f6d34140bc9442bf326a8f2cc8ce9) Importer(815301076,1909f56bfc062723c751e8b465ee728b)  -> (artifact id: '2434f4747b182dde70f8055ff145fda5') in 0.010599 seconds 
========================================================================
Received Import Request.
  Time since last request: 0.923524 seconds.
  path: Assets/OpenCVForUnity/Plugins/WebGL/2021.2
  artifactKey: Guid(f6da865fc3eefe440a2820ca42acd4e1) Importer(815301076,1909f56bfc062723c751e8b465ee728b)
Start importing Assets/OpenCVForUnity/Plugins/WebGL/2021.2 using Guid(f6da865fc3eefe440a2820ca42acd4e1) Importer(815301076,1909f56bfc062723c751e8b465ee728b)  -> (artifact id: '123b87e1aa0fb52156fb1ca9a283cdc2') in 0.012290 seconds 
========================================================================
Received Prepare
Registering precompiled user dll's ...
Registered in 0.023398 seconds.
Begin MonoManager ReloadAssembly
Symbol file LoadedFromMemory doesn't match image C:\Users\dasun\test\Unity Project\Library\PackageCache\com.unity.visualscripting@1.8.0\Editor\VisualScripting.Core\Dependencies\DotNetZip\Unity.VisualScripting.IonicZip.dll
Symbol file LoadedFromMemory doesn't match image C:\Users\dasun\test\Unity Project\Library\PackageCache\com.unity.visualscripting@1.8.0\Editor\VisualScripting.Core\Dependencies\YamlDotNet\Unity.VisualScripting.YamlDotNet.dll
Native extension for WindowsStandalone target not found
Native extension for Android target not found
Native extension for WebGL target not found
Refreshing native plugins compatible for Editor in 3.43 ms, found 8 plugins.
Preloading 1 native plugins for Editor in 0.15 ms.
Mono: successfully reloaded assembly
- Completed reload, in  2.415 seconds
Domain Reload Profiling:
	ReloadAssembly (2416ms)
		BeginReloadAssembly (195ms)
			ExecutionOrderSort (0ms)
			DisableScriptedObjects (8ms)
			BackupInstance (0ms)
			ReleaseScriptingObjects (0ms)
			CreateAndSetChildDomain (48ms)
		EndReloadAssembly (1901ms)
			LoadAssemblies (149ms)
			RebuildTransferFunctionScriptingTraits (0ms)
			SetupTypeCache (712ms)
			ReleaseScriptCaches (3ms)
			RebuildScriptCaches (109ms)
			SetupLoadedEditorAssemblies (728ms)
				LogAssemblyErrors (0ms)
				InitializePlatformSupportModulesInManaged (53ms)
				SetLoadedEditorAssemblies (1ms)
				RefreshPlugins (4ms)
				BeforeProcessingInitializeOnLoad (155ms)
				ProcessInitializeOnLoadAttributes (453ms)
				ProcessInitializeOnLoadMethodAttributes (51ms)
				AfterProcessingInitializeOnLoad (11ms)
				EditorAssembliesLoaded (0ms)
			ExecutionOrderSort2 (0ms)
			AwakeInstancesAfterBackupRestoration (16ms)
Platform modules already initialized, skipping
Refreshing native plugins compatible for Editor in 48.95 ms, found 8 plugins.
Preloading 1 native plugins for Editor in 0.13 ms.
Unloading 3875 Unused Serialized files (Serialized files now loaded: 0)
Unloading 173 unused Assets / (87.1 KB). Loaded Objects now: 4265.
Memory consumption went from 143.9 MB to 143.8 MB.
Total: 5.026600 ms (FindLiveObjects: 0.488000 ms CreateObjectMapping: 0.374200 ms MarkObjects: 3.997300 ms  DeleteObjects: 0.164700 ms)

AssetImportParameters requested are different than current active one (requested -> active):
  custom:video-decoder-ogg-theora: a1e56fd34408186e4bbccfd4996cb3dc -> 
  custom:container-muxer-webm: aa71ff27fc2769a1b78a27578f13a17b -> 
  custom:container-demuxer-webm: 4f35f7cbe854078d1ac9338744f61a02 -> 
  custom:video-encoder-webm-vp8: eb34c28f22e8b96e1ab97ce403110664 -> 
  custom:video-codec-MediaFoundation-h265: 746d11721c4dcdbdad8f713fa42b33f4 -> 
  custom:audio-encoder-webm-vorbis: bf7c407c2cedff20999df2af8eb42d56 -> 
  custom:framework-win-MediaFoundation: 216162199b28c13a410421893ffa2e32 -> 
  custom:container-demuxer-ogg: 62fdf1f143b41e24485cea50d1cbac27 -> 
  custom:video-decoder-webm-vp8: 9c59270c3fd7afecdb556c50c9e8de78 -> 
  custom:audio-decoder-ogg-vorbis: bf7c407c2cedff20999df2af8eb42d56 -> 
========================================================================
Received Prepare
Refreshing native plugins compatible for Editor in 71.42 ms, found 8 plugins.
Preloading 1 native plugins for Editor in 0.06 ms.
Unloading 173 Unused Serialized files (Serialized files now loaded: 0)
Unloading 173 unused Assets / (84.4 KB). Loaded Objects now: 4265.
Memory consumption went from 69.8 MB to 69.8 MB.
Total: 19.910900 ms (FindLiveObjects: 1.700900 ms CreateObjectMapping: 13.788600 ms MarkObjects: 4.162000 ms  DeleteObjects: 0.257700 ms)

AssetImportParameters requested are different than current active one (requested -> active):
  custom:video-decoder-ogg-theora: a1e56fd34408186e4bbccfd4996cb3dc -> 
  custom:container-muxer-webm: aa71ff27fc2769a1b78a27578f13a17b -> 
  custom:container-demuxer-webm: 4f35f7cbe854078d1ac9338744f61a02 -> 
  custom:video-encoder-webm-vp8: eb34c28f22e8b96e1ab97ce403110664 -> 
  custom:video-codec-MediaFoundation-h265: 746d11721c4dcdbdad8f713fa42b33f4 -> 
  custom:audio-encoder-webm-vorbis: bf7c407c2cedff20999df2af8eb42d56 -> 
  custom:framework-win-MediaFoundation: 216162199b28c13a410421893ffa2e32 -> 
  custom:container-demuxer-ogg: 62fdf1f143b41e24485cea50d1cbac27 -> 
  custom:video-decoder-webm-vp8: 9c59270c3fd7afecdb556c50c9e8de78 -> 
  custom:audio-decoder-ogg-vorbis: bf7c407c2cedff20999df2af8eb42d56 -> 
========================================================================
Received Prepare
Refreshing native plugins compatible for Editor in 56.29 ms, found 8 plugins.
Preloading 1 native plugins for Editor in 0.07 ms.
Unloading 173 Unused Serialized files (Serialized files now loaded: 0)
Unloading 173 unused Assets / (84.4 KB). Loaded Objects now: 4265.
Memory consumption went from 69.5 MB to 69.5 MB.
Total: 6.204400 ms (FindLiveObjects: 0.290000 ms CreateObjectMapping: 0.132400 ms MarkObjects: 5.527700 ms  DeleteObjects: 0.252500 ms)

AssetImportParameters requested are different than current active one (requested -> active):
  custom:video-decoder-ogg-theora: a1e56fd34408186e4bbccfd4996cb3dc -> 
  custom:container-muxer-webm: aa71ff27fc2769a1b78a27578f13a17b -> 
  custom:container-demuxer-webm: 4f35f7cbe854078d1ac9338744f61a02 -> 
  custom:video-encoder-webm-vp8: eb34c28f22e8b96e1ab97ce403110664 -> 
  custom:video-codec-MediaFoundation-h265: 746d11721c4dcdbdad8f713fa42b33f4 -> 
  custom:audio-encoder-webm-vorbis: bf7c407c2cedff20999df2af8eb42d56 -> 
  custom:framework-win-MediaFoundation: 216162199b28c13a410421893ffa2e32 -> 
  custom:container-demuxer-ogg: 62fdf1f143b41e24485cea50d1cbac27 -> 
  custom:video-decoder-webm-vp8: 9c59270c3fd7afecdb556c50c9e8de78 -> 
  custom:audio-decoder-ogg-vorbis: bf7c407c2cedff20999df2af8eb42d56 -> 
========================================================================
Received Import Request.
  Time since last request: 582.082260 seconds.
  path: Assets/Plugins/Android
  artifactKey: Guid(03be4d77a8af7964abe40bbf48282c65) Importer(815301076,1909f56bfc062723c751e8b465ee728b)
Start importing Assets/Plugins/Android using Guid(03be4d77a8af7964abe40bbf48282c65) Importer(815301076,1909f56bfc062723c751e8b465ee728b)  -> (artifact id: '901f9725cbb7e60c84b708405253c87b') in 0.012873 seconds 
========================================================================
Received Import Request.
  Time since last request: 3.709265 seconds.
  path: Assets/Scenes/SampleScene.unity
  artifactKey: Guid(9fc0d4010bbf28b4594072e72b8655ab) Importer(815301076,1909f56bfc062723c751e8b465ee728b)
Start importing Assets/Scenes/SampleScene.unity using Guid(9fc0d4010bbf28b4594072e72b8655ab) Importer(815301076,1909f56bfc062723c751e8b465ee728b)  -> (artifact id: '2d0ed8d9770f8d42f2cc445badc9e8a0') in 0.011649 seconds 
========================================================================
Received Import Request.
  Time since last request: 11.506206 seconds.
  path: Assets/Scenes/TestScene.unity
  artifactKey: Guid(9fc0d4010bbf28b4594072e72b8655ab) Importer(815301076,1909f56bfc062723c751e8b465ee728b)
Start importing Assets/Scenes/TestScene.unity using Guid(9fc0d4010bbf28b4594072e72b8655ab) Importer(815301076,1909f56bfc062723c751e8b465ee728b)  -> (artifact id: '1335d5ec7d081f96b9693e9d1c39c510') in 0.008858 seconds 
